# JRE version: Java(TM) SE Runtime Environment (16.0.2+7) (build 16.0.2+7-67)
# Java VM: Java HotSpot(TM) 64-Bit Server VM (16.0.2+7-67, mixed mode, sharing, tiered, compressed oops, compressed class ptrs, g1 gc, windows-amd64)
GC Precious Log:
 CPUs: 8 total, 8 available
 Memory: 7834M
 Large Page Support: Disabled
 NUMA Support: Disabled
 Compressed Oops: Enabled (32-bit)
 Heap Region Size: 1M
 Heap Min Capacity: 8M
 Heap Initial Capacity: 124M
 Heap Max Capacity: 1G
 Pre-touch: Disabled
 Parallel Workers: 8
 Concurrent Workers: 2
 Concurrent Refinement Workers: 8
 Periodic GC: Disabled
Heap:
 garbage-first heap   total 215040K, used 160588K [0x00000000c0000000, 0x0000000100000000)
  region size 1024K, 93 young (95232K), 8 survivors (8192K)
 Metaspace       used 57136K, committed 57728K, reserved 1105920K
  class space    used 7623K, committed 7872K, reserved 1048576K
GC Heap History (20 events):
Event: 22.043 GC heap before
{Heap before GC invocations=33 (full 0):
 garbage-first heap   total 215040K, used 159612K [0x00000000c0000000, 0x0000000100000000)
  region size 1024K, 93 young (95232K), 2 survivors (2048K)
 Metaspace       used 55119K, committed 55744K, reserved 1097728K
  class space    used 7473K, committed 7744K, reserved 1048576K
}
Event: 22.048 GC heap after
{Heap after GC invocations=34 (full 0):
 garbage-first heap   total 215040K, used 66096K [0x00000000c0000000, 0x0000000100000000)
  region size 1024K, 3 young (3072K), 3 survivors (3072K)
 Metaspace       used 55119K, committed 55744K, reserved 1097728K
  class space    used 7473K, committed 7744K, reserved 1048576K
}
Event: 22.811 GC heap before
{Heap before GC invocations=34 (full 0):
 garbage-first heap   total 215040K, used 168496K [0x00000000c0000000, 0x0000000100000000)
  region size 1024K, 100 young (102400K), 3 survivors (3072K)
 Metaspace       used 55213K, committed 55872K, reserved 1097728K
  class space    used 7484K, committed 7744K, reserved 1048576K
}
Event: 22.816 GC heap after
{Heap after GC invocations=35 (full 0):
 garbage-first heap   total 215040K, used 67430K [0x00000000c0000000, 0x0000000100000000)
  region size 1024K, 4 young (4096K), 4 survivors (4096K)
 Metaspace       used 55213K, committed 55872K, reserved 1097728K
  class space    used 7484K, committed 7744K, reserved 1048576K
}
Event: 23.286 GC heap before
{Heap before GC invocations=35 (full 0):
 garbage-first heap   total 215040K, used 175974K [0x00000000c0000000, 0x0000000100000000)
  region size 1024K, 106 young (108544K), 4 survivors (4096K)
 Metaspace       used 55436K, committed 56000K, reserved 1097728K
  class space    used 7497K, committed 7744K, reserved 1048576K
}
Event: 23.291 GC heap after
{Heap after GC invocations=36 (full 0):
 garbage-first heap   total 215040K, used 66117K [0x00000000c0000000, 0x0000000100000000)
  region size 1024K, 3 young (3072K), 3 survivors (3072K)
 Metaspace       used 55436K, committed 56000K, reserved 1097728K
  class space    used 7497K, committed 7744K, reserved 1048576K
}
Event: 23.713 GC heap before
{Heap before GC invocations=36 (full 0):
 garbage-first heap   total 215040K, used 180805K [0x00000000c0000000, 0x0000000100000000)
  region size 1024K, 112 young (114688K), 3 survivors (3072K)
 Metaspace       used 55497K, committed 56128K, reserved 1097728K
  class space    used 7504K, committed 7808K, reserved 1048576K
}
Event: 23.717 GC heap after
{Heap after GC invocations=37 (full 0):
 garbage-first heap   total 215040K, used 67382K [0x00000000c0000000, 0x0000000100000000)
  region size 1024K, 4 young (4096K), 4 survivors (4096K)
 Metaspace       used 55497K, committed 56128K, reserved 1097728K
  class space    used 7504K, committed 7808K, reserved 1048576K
}
Event: 46.329 GC heap before
{Heap before GC invocations=37 (full 0):
 garbage-first heap   total 215040K, used 184118K [0x00000000c0000000, 0x0000000100000000)
  region size 1024K, 114 young (116736K), 4 survivors (4096K)
 Metaspace       used 55976K, committed 56576K, reserved 1097728K
  class space    used 7576K, committed 7808K, reserved 1048576K
}
Event: 46.334 GC heap after
{Heap after GC invocations=38 (full 0):
 garbage-first heap   total 215040K, used 65895K [0x00000000c0000000, 0x0000000100000000)
  region size 1024K, 3 young (3072K), 3 survivors (3072K)
 Metaspace       used 55976K, committed 56576K, reserved 1097728K
  class space    used 7576K, committed 7808K, reserved 1048576K
}
Event: 3594.279 GC heap before
{Heap before GC invocations=38 (full 0):
 garbage-first heap   total 215040K, used 182631K [0x00000000c0000000, 0x0000000100000000)
  region size 1024K, 117 young (119808K), 3 survivors (3072K)
 Metaspace       used 56476K, committed 57024K, reserved 1105920K
  class space    used 7581K, committed 7808K, reserved 1048576K
}
Event: 3594.304 GC heap after
{Heap after GC invocations=39 (full 0):
 garbage-first heap   total 215040K, used 67870K [0x00000000c0000000, 0x0000000100000000)
  region size 1024K, 5 young (5120K), 5 survivors (5120K)
 Metaspace       used 56476K, committed 57024K, reserved 1105920K
  class space    used 7581K, committed 7808K, reserved 1048576K
}
Event: 3597.159 GC heap before
{Heap before GC invocations=39 (full 0):
 garbage-first heap   total 215040K, used 183582K [0x00000000c0000000, 0x0000000100000000)
  region size 1024K, 118 young (120832K), 5 survivors (5120K)
 Metaspace       used 56936K, committed 57536K, reserved 1105920K
  class space    used 7597K, committed 7872K, reserved 1048576K
}
Event: 3597.176 GC heap after
{Heap after GC invocations=40 (full 0):
 garbage-first heap   total 215040K, used 73400K [0x00000000c0000000, 0x0000000100000000)
  region size 1024K, 10 young (10240K), 10 survivors (10240K)
 Metaspace       used 56936K, committed 57536K, reserved 1105920K
  class space    used 7597K, committed 7872K, reserved 1048576K
}
Event: 3597.936 GC heap before
{Heap before GC invocations=40 (full 0):
 garbage-first heap   total 215040K, used 185016K [0x00000000c0000000, 0x0000000100000000)
  region size 1024K, 115 young (117760K), 10 survivors (10240K)
 Metaspace       used 56941K, committed 57536K, reserved 1105920K
  class space    used 7597K, committed 7872K, reserved 1048576K
}
Event: 3597.964 GC heap after
{Heap after GC invocations=41 (full 0):
 garbage-first heap   total 215040K, used 72273K [0x00000000c0000000, 0x0000000100000000)
  region size 1024K, 7 young (7168K), 7 survivors (7168K)
 Metaspace       used 56941K, committed 57536K, reserved 1105920K
  class space    used 7597K, committed 7872K, reserved 1048576K
}
Event: 3598.336 GC heap before
{Heap before GC invocations=41 (full 0):
 garbage-first heap   total 215040K, used 189009K [0x00000000c0000000, 0x0000000100000000)
  region size 1024K, 116 young (118784K), 7 survivors (7168K)
 Metaspace       used 56942K, committed 57536K, reserved 1105920K
  class space    used 7597K, committed 7872K, reserved 1048576K
}
Event: 3598.344 GC heap after
{Heap after GC invocations=42 (full 0):
 garbage-first heap   total 215040K, used 72340K [0x00000000c0000000, 0x0000000100000000)
  region size 1024K, 7 young (7168K), 7 survivors (7168K)
 Metaspace       used 56942K, committed 57536K, reserved 1105920K
  class space    used 7597K, committed 7872K, reserved 1048576K
}
Event: 3598.788 GC heap before
{Heap before GC invocations=42 (full 0):
 garbage-first heap   total 215040K, used 189076K [0x00000000c0000000, 0x0000000100000000)
  region size 1024K, 118 young (120832K), 7 survivors (7168K)
 Metaspace       used 56945K, committed 57536K, reserved 1105920K
  class space    used 7597K, committed 7872K, reserved 1048576K
}
Event: 3598.796 GC heap after
{Heap after GC invocations=43 (full 0):
 garbage-first heap   total 215040K, used 73548K [0x00000000c0000000, 0x0000000100000000)
  region size 1024K, 8 young (8192K), 8 survivors (8192K)
 Metaspace       used 56945K, committed 57536K, reserved 1105920K
  class space    used 7597K, committed 7872K, reserved 1048576K
}

